[INFO ] 26-08-2022 10:35:46.054 [main hn.com.tigo.queue.listener.ProcessQueueRecycleMasterThread] listener.ProcessQueueRecycleMasterThread : workingQueue correctly
[INFO ] 26-08-2022 10:35:46.080 [main hn.com.tigo.queue.listener.ProcessQueueRecycleMasterThread] listener.ProcessQueueRecycleMasterThread : Iinitialize Finalized.
[ERROR] 26-08-2022 10:35:46.120 [main hn.com.tigo.queue.listener.ProcessQueueRecycleMasterThread] listener.ProcessQueueRecycleMasterThread : No se logro realizar conexion a base de datos Persistence-error-1: Failed to create session.
hn.com.tigo.josm.persistence.exception.PersistenceException: Persistence-error-1: Failed to create session.
	at hn.com.tigo.josm.persistence.core.ServiceSessionEJB.getSessionDataSource(ServiceSessionEJB.java:118) ~[persistence.lite-1.0.0.jar:?]
	at hn.com.tigo.queue.listener.ProcessQueueRecycleMasterThread.getConnection(ProcessQueueRecycleMasterThread.java:337) [classes/:?]
	at hn.com.tigo.queue.listener.ProcessQueueRecycleMasterThread.run(ProcessQueueRecycleMasterThread.java:119) [classes/:?]
	at hn.com.tigo.queue.test.ListenerTest.test(ListenerTest.java:41) [test-classes/:?]
	at sun.reflect.NativeMethodAccessorImpl.invoke0(Native Method) ~[?:1.8.0_202]
	at sun.reflect.NativeMethodAccessorImpl.invoke(NativeMethodAccessorImpl.java:62) ~[?:1.8.0_202]
	at sun.reflect.DelegatingMethodAccessorImpl.invoke(DelegatingMethodAccessorImpl.java:43) ~[?:1.8.0_202]
	at java.lang.reflect.Method.invoke(Method.java:498) ~[?:1.8.0_202]
	at org.junit.runners.model.FrameworkMethod$1.runReflectiveCall(FrameworkMethod.java:50) [junit-4.12.jar:4.12]
	at org.junit.internal.runners.model.ReflectiveCallable.run(ReflectiveCallable.java:12) [junit-4.12.jar:4.12]
	at org.junit.runners.model.FrameworkMethod.invokeExplosively(FrameworkMethod.java:47) [junit-4.12.jar:4.12]
	at org.junit.internal.runners.statements.InvokeMethod.evaluate(InvokeMethod.java:17) [junit-4.12.jar:4.12]
	at org.junit.runners.ParentRunner.runLeaf(ParentRunner.java:325) [junit-4.12.jar:4.12]
	at org.junit.runners.BlockJUnit4ClassRunner.runChild(BlockJUnit4ClassRunner.java:78) [junit-4.12.jar:4.12]
	at org.junit.runners.BlockJUnit4ClassRunner.runChild(BlockJUnit4ClassRunner.java:57) [junit-4.12.jar:4.12]
	at org.junit.runners.ParentRunner$3.run(ParentRunner.java:290) [junit-4.12.jar:4.12]
	at org.junit.runners.ParentRunner$1.schedule(ParentRunner.java:71) [junit-4.12.jar:4.12]
	at org.junit.runners.ParentRunner.runChildren(ParentRunner.java:288) [junit-4.12.jar:4.12]
	at org.junit.runners.ParentRunner.access$000(ParentRunner.java:58) [junit-4.12.jar:4.12]
	at org.junit.runners.ParentRunner$2.evaluate(ParentRunner.java:268) [junit-4.12.jar:4.12]
	at org.junit.runners.ParentRunner.run(ParentRunner.java:363) [junit-4.12.jar:4.12]
	at org.junit.runners.Suite.runChild(Suite.java:128) [junit-4.12.jar:4.12]
	at org.junit.runners.Suite.runChild(Suite.java:27) [junit-4.12.jar:4.12]
	at org.junit.runners.ParentRunner$3.run(ParentRunner.java:290) [junit-4.12.jar:4.12]
	at org.junit.runners.ParentRunner$1.schedule(ParentRunner.java:71) [junit-4.12.jar:4.12]
	at org.junit.runners.ParentRunner.runChildren(ParentRunner.java:288) [junit-4.12.jar:4.12]
	at org.junit.runners.ParentRunner.access$000(ParentRunner.java:58) [junit-4.12.jar:4.12]
	at org.junit.runners.ParentRunner$2.evaluate(ParentRunner.java:268) [junit-4.12.jar:4.12]
	at org.junit.runners.ParentRunner.run(ParentRunner.java:363) [junit-4.12.jar:4.12]
	at org.apache.maven.surefire.junit4.JUnit4Provider.execute(JUnit4Provider.java:264) [surefire-junit4-2.17.jar:2.17]
	at org.apache.maven.surefire.junit4.JUnit4Provider.executeTestSet(JUnit4Provider.java:153) [surefire-junit4-2.17.jar:2.17]
	at org.apache.maven.surefire.junit4.JUnit4Provider.invoke(JUnit4Provider.java:124) [surefire-junit4-2.17.jar:2.17]
	at org.apache.maven.surefire.booter.ForkedBooter.invokeProviderInSameClassLoader(ForkedBooter.java:200) [surefire-booter-2.17.jar:2.17]
	at org.apache.maven.surefire.booter.ForkedBooter.runSuitesInProcess(ForkedBooter.java:153) [surefire-booter-2.17.jar:2.17]
	at org.apache.maven.surefire.booter.ForkedBooter.main(ForkedBooter.java:103) [surefire-booter-2.17.jar:2.17]
Caused by: hn.com.tigo.josm.persistence.exception.PersistenceException: Persistence-error-7: Unresolved JNDI name.OCEP
	at hn.com.tigo.josm.persistence.core.ServiceSessionEJB.createDataSource(ServiceSessionEJB.java:140) ~[persistence.lite-1.0.0.jar:?]
	at hn.com.tigo.josm.persistence.core.ServiceSessionEJB.getSessionDataSource(ServiceSessionEJB.java:108) ~[persistence.lite-1.0.0.jar:?]
	... 34 more
Caused by: javax.naming.NoInitialContextException: Need to specify class name in environment or system property, or as an applet parameter, or in an application resource file:  java.naming.factory.initial
	at javax.naming.spi.NamingManager.getInitialContext(NamingManager.java:662) ~[?:1.8.0_202]
	at javax.naming.InitialContext.getDefaultInitCtx(InitialContext.java:313) ~[?:1.8.0_202]
	at javax.naming.InitialContext.getURLOrDefaultInitCtx(InitialContext.java:350) ~[?:1.8.0_202]
	at javax.naming.InitialContext.lookup(InitialContext.java:417) ~[?:1.8.0_202]
	at hn.com.tigo.josm.persistence.core.ServiceSessionEJB.createDataSource(ServiceSessionEJB.java:138) ~[persistence.lite-1.0.0.jar:?]
	at hn.com.tigo.josm.persistence.core.ServiceSessionEJB.getSessionDataSource(ServiceSessionEJB.java:108) ~[persistence.lite-1.0.0.jar:?]
	... 34 more
[ERROR] 26-08-2022 10:36:07.333 [main hn.com.tigo.queue.listener.ProcessQueueRecycleMasterThread] listener.ProcessQueueRecycleMasterThread : QueueProcessorRecycleListener hn.com.tigo.queue.listener.ProcessQueueRecycleMasterThread No se encontro nada en la cola
java.lang.Exception: Connection timed out: connect
	at hn.com.tigo.queue.as400.AbstractDriverQueueRecycle.openQueue(AbstractDriverQueueRecycle.java:68) ~[classes/:?]
	at hn.com.tigo.queue.as400.AbstractDriverQueueRecycle.readQueue(AbstractDriverQueueRecycle.java:82) ~[classes/:?]
	at hn.com.tigo.queue.listener.ProcessQueueRecycleMasterThread.run(ProcessQueueRecycleMasterThread.java:130) [classes/:?]
	at hn.com.tigo.queue.test.ListenerTest.test(ListenerTest.java:41) [test-classes/:?]
	at sun.reflect.NativeMethodAccessorImpl.invoke0(Native Method) ~[?:1.8.0_202]
	at sun.reflect.NativeMethodAccessorImpl.invoke(NativeMethodAccessorImpl.java:62) ~[?:1.8.0_202]
	at sun.reflect.DelegatingMethodAccessorImpl.invoke(DelegatingMethodAccessorImpl.java:43) ~[?:1.8.0_202]
	at java.lang.reflect.Method.invoke(Method.java:498) ~[?:1.8.0_202]
	at org.junit.runners.model.FrameworkMethod$1.runReflectiveCall(FrameworkMethod.java:50) [junit-4.12.jar:4.12]
	at org.junit.internal.runners.model.ReflectiveCallable.run(ReflectiveCallable.java:12) [junit-4.12.jar:4.12]
	at org.junit.runners.model.FrameworkMethod.invokeExplosively(FrameworkMethod.java:47) [junit-4.12.jar:4.12]
	at org.junit.internal.runners.statements.InvokeMethod.evaluate(InvokeMethod.java:17) [junit-4.12.jar:4.12]
	at org.junit.runners.ParentRunner.runLeaf(ParentRunner.java:325) [junit-4.12.jar:4.12]
	at org.junit.runners.BlockJUnit4ClassRunner.runChild(BlockJUnit4ClassRunner.java:78) [junit-4.12.jar:4.12]
	at org.junit.runners.BlockJUnit4ClassRunner.runChild(BlockJUnit4ClassRunner.java:57) [junit-4.12.jar:4.12]
	at org.junit.runners.ParentRunner$3.run(ParentRunner.java:290) [junit-4.12.jar:4.12]
	at org.junit.runners.ParentRunner$1.schedule(ParentRunner.java:71) [junit-4.12.jar:4.12]
	at org.junit.runners.ParentRunner.runChildren(ParentRunner.java:288) [junit-4.12.jar:4.12]
	at org.junit.runners.ParentRunner.access$000(ParentRunner.java:58) [junit-4.12.jar:4.12]
	at org.junit.runners.ParentRunner$2.evaluate(ParentRunner.java:268) [junit-4.12.jar:4.12]
	at org.junit.runners.ParentRunner.run(ParentRunner.java:363) [junit-4.12.jar:4.12]
	at org.junit.runners.Suite.runChild(Suite.java:128) [junit-4.12.jar:4.12]
	at org.junit.runners.Suite.runChild(Suite.java:27) [junit-4.12.jar:4.12]
	at org.junit.runners.ParentRunner$3.run(ParentRunner.java:290) [junit-4.12.jar:4.12]
	at org.junit.runners.ParentRunner$1.schedule(ParentRunner.java:71) [junit-4.12.jar:4.12]
	at org.junit.runners.ParentRunner.runChildren(ParentRunner.java:288) [junit-4.12.jar:4.12]
	at org.junit.runners.ParentRunner.access$000(ParentRunner.java:58) [junit-4.12.jar:4.12]
	at org.junit.runners.ParentRunner$2.evaluate(ParentRunner.java:268) [junit-4.12.jar:4.12]
	at org.junit.runners.ParentRunner.run(ParentRunner.java:363) [junit-4.12.jar:4.12]
	at org.apache.maven.surefire.junit4.JUnit4Provider.execute(JUnit4Provider.java:264) [surefire-junit4-2.17.jar:2.17]
	at org.apache.maven.surefire.junit4.JUnit4Provider.executeTestSet(JUnit4Provider.java:153) [surefire-junit4-2.17.jar:2.17]
	at org.apache.maven.surefire.junit4.JUnit4Provider.invoke(JUnit4Provider.java:124) [surefire-junit4-2.17.jar:2.17]
	at org.apache.maven.surefire.booter.ForkedBooter.invokeProviderInSameClassLoader(ForkedBooter.java:200) [surefire-booter-2.17.jar:2.17]
	at org.apache.maven.surefire.booter.ForkedBooter.runSuitesInProcess(ForkedBooter.java:153) [surefire-booter-2.17.jar:2.17]
	at org.apache.maven.surefire.booter.ForkedBooter.main(ForkedBooter.java:103) [surefire-booter-2.17.jar:2.17]
[ERROR] 26-08-2022 10:36:28.345 [main hn.com.tigo.queue.listener.ProcessQueueRecycleMasterThread] listener.ProcessQueueRecycleMasterThread : QueueProcessorRecycleListener hn.com.tigo.queue.listener.ProcessQueueRecycleMasterThread No se encontro nada en la cola
java.lang.Exception: Connection timed out: connect
	at hn.com.tigo.queue.as400.AbstractDriverQueueRecycle.openQueue(AbstractDriverQueueRecycle.java:68) ~[classes/:?]
	at hn.com.tigo.queue.as400.AbstractDriverQueueRecycle.readQueue(AbstractDriverQueueRecycle.java:82) ~[classes/:?]
	at hn.com.tigo.queue.listener.ProcessQueueRecycleMasterThread.run(ProcessQueueRecycleMasterThread.java:130) [classes/:?]
	at hn.com.tigo.queue.test.ListenerTest.test(ListenerTest.java:41) [test-classes/:?]
	at sun.reflect.NativeMethodAccessorImpl.invoke0(Native Method) ~[?:1.8.0_202]
	at sun.reflect.NativeMethodAccessorImpl.invoke(NativeMethodAccessorImpl.java:62) ~[?:1.8.0_202]
	at sun.reflect.DelegatingMethodAccessorImpl.invoke(DelegatingMethodAccessorImpl.java:43) ~[?:1.8.0_202]
	at java.lang.reflect.Method.invoke(Method.java:498) ~[?:1.8.0_202]
	at org.junit.runners.model.FrameworkMethod$1.runReflectiveCall(FrameworkMethod.java:50) [junit-4.12.jar:4.12]
	at org.junit.internal.runners.model.ReflectiveCallable.run(ReflectiveCallable.java:12) [junit-4.12.jar:4.12]
	at org.junit.runners.model.FrameworkMethod.invokeExplosively(FrameworkMethod.java:47) [junit-4.12.jar:4.12]
	at org.junit.internal.runners.statements.InvokeMethod.evaluate(InvokeMethod.java:17) [junit-4.12.jar:4.12]
	at org.junit.runners.ParentRunner.runLeaf(ParentRunner.java:325) [junit-4.12.jar:4.12]
	at org.junit.runners.BlockJUnit4ClassRunner.runChild(BlockJUnit4ClassRunner.java:78) [junit-4.12.jar:4.12]
	at org.junit.runners.BlockJUnit4ClassRunner.runChild(BlockJUnit4ClassRunner.java:57) [junit-4.12.jar:4.12]
	at org.junit.runners.ParentRunner$3.run(ParentRunner.java:290) [junit-4.12.jar:4.12]
	at org.junit.runners.ParentRunner$1.schedule(ParentRunner.java:71) [junit-4.12.jar:4.12]
	at org.junit.runners.ParentRunner.runChildren(ParentRunner.java:288) [junit-4.12.jar:4.12]
	at org.junit.runners.ParentRunner.access$000(ParentRunner.java:58) [junit-4.12.jar:4.12]
	at org.junit.runners.ParentRunner$2.evaluate(ParentRunner.java:268) [junit-4.12.jar:4.12]
	at org.junit.runners.ParentRunner.run(ParentRunner.java:363) [junit-4.12.jar:4.12]
	at org.junit.runners.Suite.runChild(Suite.java:128) [junit-4.12.jar:4.12]
	at org.junit.runners.Suite.runChild(Suite.java:27) [junit-4.12.jar:4.12]
	at org.junit.runners.ParentRunner$3.run(ParentRunner.java:290) [junit-4.12.jar:4.12]
	at org.junit.runners.ParentRunner$1.schedule(ParentRunner.java:71) [junit-4.12.jar:4.12]
	at org.junit.runners.ParentRunner.runChildren(ParentRunner.java:288) [junit-4.12.jar:4.12]
	at org.junit.runners.ParentRunner.access$000(ParentRunner.java:58) [junit-4.12.jar:4.12]
	at org.junit.runners.ParentRunner$2.evaluate(ParentRunner.java:268) [junit-4.12.jar:4.12]
	at org.junit.runners.ParentRunner.run(ParentRunner.java:363) [junit-4.12.jar:4.12]
	at org.apache.maven.surefire.junit4.JUnit4Provider.execute(JUnit4Provider.java:264) [surefire-junit4-2.17.jar:2.17]
	at org.apache.maven.surefire.junit4.JUnit4Provider.executeTestSet(JUnit4Provider.java:153) [surefire-junit4-2.17.jar:2.17]
	at org.apache.maven.surefire.junit4.JUnit4Provider.invoke(JUnit4Provider.java:124) [surefire-junit4-2.17.jar:2.17]
	at org.apache.maven.surefire.booter.ForkedBooter.invokeProviderInSameClassLoader(ForkedBooter.java:200) [surefire-booter-2.17.jar:2.17]
	at org.apache.maven.surefire.booter.ForkedBooter.runSuitesInProcess(ForkedBooter.java:153) [surefire-booter-2.17.jar:2.17]
	at org.apache.maven.surefire.booter.ForkedBooter.main(ForkedBooter.java:103) [surefire-booter-2.17.jar:2.17]
[ERROR] 26-08-2022 10:36:49.358 [main hn.com.tigo.queue.listener.ProcessQueueRecycleMasterThread] listener.ProcessQueueRecycleMasterThread : QueueProcessorRecycleListener hn.com.tigo.queue.listener.ProcessQueueRecycleMasterThread No se encontro nada en la cola
java.lang.Exception: Connection timed out: connect
	at hn.com.tigo.queue.as400.AbstractDriverQueueRecycle.openQueue(AbstractDriverQueueRecycle.java:68) ~[classes/:?]
	at hn.com.tigo.queue.as400.AbstractDriverQueueRecycle.readQueue(AbstractDriverQueueRecycle.java:82) ~[classes/:?]
	at hn.com.tigo.queue.listener.ProcessQueueRecycleMasterThread.run(ProcessQueueRecycleMasterThread.java:130) [classes/:?]
	at hn.com.tigo.queue.test.ListenerTest.test(ListenerTest.java:41) [test-classes/:?]
	at sun.reflect.NativeMethodAccessorImpl.invoke0(Native Method) ~[?:1.8.0_202]
	at sun.reflect.NativeMethodAccessorImpl.invoke(NativeMethodAccessorImpl.java:62) ~[?:1.8.0_202]
	at sun.reflect.DelegatingMethodAccessorImpl.invoke(DelegatingMethodAccessorImpl.java:43) ~[?:1.8.0_202]
	at java.lang.reflect.Method.invoke(Method.java:498) ~[?:1.8.0_202]
	at org.junit.runners.model.FrameworkMethod$1.runReflectiveCall(FrameworkMethod.java:50) [junit-4.12.jar:4.12]
	at org.junit.internal.runners.model.ReflectiveCallable.run(ReflectiveCallable.java:12) [junit-4.12.jar:4.12]
	at org.junit.runners.model.FrameworkMethod.invokeExplosively(FrameworkMethod.java:47) [junit-4.12.jar:4.12]
	at org.junit.internal.runners.statements.InvokeMethod.evaluate(InvokeMethod.java:17) [junit-4.12.jar:4.12]
	at org.junit.runners.ParentRunner.runLeaf(ParentRunner.java:325) [junit-4.12.jar:4.12]
	at org.junit.runners.BlockJUnit4ClassRunner.runChild(BlockJUnit4ClassRunner.java:78) [junit-4.12.jar:4.12]
	at org.junit.runners.BlockJUnit4ClassRunner.runChild(BlockJUnit4ClassRunner.java:57) [junit-4.12.jar:4.12]
	at org.junit.runners.ParentRunner$3.run(ParentRunner.java:290) [junit-4.12.jar:4.12]
	at org.junit.runners.ParentRunner$1.schedule(ParentRunner.java:71) [junit-4.12.jar:4.12]
	at org.junit.runners.ParentRunner.runChildren(ParentRunner.java:288) [junit-4.12.jar:4.12]
	at org.junit.runners.ParentRunner.access$000(ParentRunner.java:58) [junit-4.12.jar:4.12]
	at org.junit.runners.ParentRunner$2.evaluate(ParentRunner.java:268) [junit-4.12.jar:4.12]
	at org.junit.runners.ParentRunner.run(ParentRunner.java:363) [junit-4.12.jar:4.12]
	at org.junit.runners.Suite.runChild(Suite.java:128) [junit-4.12.jar:4.12]
	at org.junit.runners.Suite.runChild(Suite.java:27) [junit-4.12.jar:4.12]
	at org.junit.runners.ParentRunner$3.run(ParentRunner.java:290) [junit-4.12.jar:4.12]
	at org.junit.runners.ParentRunner$1.schedule(ParentRunner.java:71) [junit-4.12.jar:4.12]
	at org.junit.runners.ParentRunner.runChildren(ParentRunner.java:288) [junit-4.12.jar:4.12]
	at org.junit.runners.ParentRunner.access$000(ParentRunner.java:58) [junit-4.12.jar:4.12]
	at org.junit.runners.ParentRunner$2.evaluate(ParentRunner.java:268) [junit-4.12.jar:4.12]
	at org.junit.runners.ParentRunner.run(ParentRunner.java:363) [junit-4.12.jar:4.12]
	at org.apache.maven.surefire.junit4.JUnit4Provider.execute(JUnit4Provider.java:264) [surefire-junit4-2.17.jar:2.17]
	at org.apache.maven.surefire.junit4.JUnit4Provider.executeTestSet(JUnit4Provider.java:153) [surefire-junit4-2.17.jar:2.17]
	at org.apache.maven.surefire.junit4.JUnit4Provider.invoke(JUnit4Provider.java:124) [surefire-junit4-2.17.jar:2.17]
	at org.apache.maven.surefire.booter.ForkedBooter.invokeProviderInSameClassLoader(ForkedBooter.java:200) [surefire-booter-2.17.jar:2.17]
	at org.apache.maven.surefire.booter.ForkedBooter.runSuitesInProcess(ForkedBooter.java:153) [surefire-booter-2.17.jar:2.17]
	at org.apache.maven.surefire.booter.ForkedBooter.main(ForkedBooter.java:103) [surefire-booter-2.17.jar:2.17]
[ERROR] 26-08-2022 10:37:10.370 [main hn.com.tigo.queue.listener.ProcessQueueRecycleMasterThread] listener.ProcessQueueRecycleMasterThread : QueueProcessorRecycleListener hn.com.tigo.queue.listener.ProcessQueueRecycleMasterThread No se encontro nada en la cola
java.lang.Exception: Connection timed out: connect
	at hn.com.tigo.queue.as400.AbstractDriverQueueRecycle.openQueue(AbstractDriverQueueRecycle.java:68) ~[classes/:?]
	at hn.com.tigo.queue.as400.AbstractDriverQueueRecycle.readQueue(AbstractDriverQueueRecycle.java:82) ~[classes/:?]
	at hn.com.tigo.queue.listener.ProcessQueueRecycleMasterThread.run(ProcessQueueRecycleMasterThread.java:130) [classes/:?]
	at hn.com.tigo.queue.test.ListenerTest.test(ListenerTest.java:41) [test-classes/:?]
	at sun.reflect.NativeMethodAccessorImpl.invoke0(Native Method) ~[?:1.8.0_202]
	at sun.reflect.NativeMethodAccessorImpl.invoke(NativeMethodAccessorImpl.java:62) ~[?:1.8.0_202]
	at sun.reflect.DelegatingMethodAccessorImpl.invoke(DelegatingMethodAccessorImpl.java:43) ~[?:1.8.0_202]
	at java.lang.reflect.Method.invoke(Method.java:498) ~[?:1.8.0_202]
	at org.junit.runners.model.FrameworkMethod$1.runReflectiveCall(FrameworkMethod.java:50) [junit-4.12.jar:4.12]
	at org.junit.internal.runners.model.ReflectiveCallable.run(ReflectiveCallable.java:12) [junit-4.12.jar:4.12]
	at org.junit.runners.model.FrameworkMethod.invokeExplosively(FrameworkMethod.java:47) [junit-4.12.jar:4.12]
	at org.junit.internal.runners.statements.InvokeMethod.evaluate(InvokeMethod.java:17) [junit-4.12.jar:4.12]
	at org.junit.runners.ParentRunner.runLeaf(ParentRunner.java:325) [junit-4.12.jar:4.12]
	at org.junit.runners.BlockJUnit4ClassRunner.runChild(BlockJUnit4ClassRunner.java:78) [junit-4.12.jar:4.12]
	at org.junit.runners.BlockJUnit4ClassRunner.runChild(BlockJUnit4ClassRunner.java:57) [junit-4.12.jar:4.12]
	at org.junit.runners.ParentRunner$3.run(ParentRunner.java:290) [junit-4.12.jar:4.12]
	at org.junit.runners.ParentRunner$1.schedule(ParentRunner.java:71) [junit-4.12.jar:4.12]
	at org.junit.runners.ParentRunner.runChildren(ParentRunner.java:288) [junit-4.12.jar:4.12]
	at org.junit.runners.ParentRunner.access$000(ParentRunner.java:58) [junit-4.12.jar:4.12]
	at org.junit.runners.ParentRunner$2.evaluate(ParentRunner.java:268) [junit-4.12.jar:4.12]
	at org.junit.runners.ParentRunner.run(ParentRunner.java:363) [junit-4.12.jar:4.12]
	at org.junit.runners.Suite.runChild(Suite.java:128) [junit-4.12.jar:4.12]
	at org.junit.runners.Suite.runChild(Suite.java:27) [junit-4.12.jar:4.12]
	at org.junit.runners.ParentRunner$3.run(ParentRunner.java:290) [junit-4.12.jar:4.12]
	at org.junit.runners.ParentRunner$1.schedule(ParentRunner.java:71) [junit-4.12.jar:4.12]
	at org.junit.runners.ParentRunner.runChildren(ParentRunner.java:288) [junit-4.12.jar:4.12]
	at org.junit.runners.ParentRunner.access$000(ParentRunner.java:58) [junit-4.12.jar:4.12]
	at org.junit.runners.ParentRunner$2.evaluate(ParentRunner.java:268) [junit-4.12.jar:4.12]
	at org.junit.runners.ParentRunner.run(ParentRunner.java:363) [junit-4.12.jar:4.12]
	at org.apache.maven.surefire.junit4.JUnit4Provider.execute(JUnit4Provider.java:264) [surefire-junit4-2.17.jar:2.17]
	at org.apache.maven.surefire.junit4.JUnit4Provider.executeTestSet(JUnit4Provider.java:153) [surefire-junit4-2.17.jar:2.17]
	at org.apache.maven.surefire.junit4.JUnit4Provider.invoke(JUnit4Provider.java:124) [surefire-junit4-2.17.jar:2.17]
	at org.apache.maven.surefire.booter.ForkedBooter.invokeProviderInSameClassLoader(ForkedBooter.java:200) [surefire-booter-2.17.jar:2.17]
	at org.apache.maven.surefire.booter.ForkedBooter.runSuitesInProcess(ForkedBooter.java:153) [surefire-booter-2.17.jar:2.17]
	at org.apache.maven.surefire.booter.ForkedBooter.main(ForkedBooter.java:103) [surefire-booter-2.17.jar:2.17]
[ERROR] 26-08-2022 10:37:31.383 [main hn.com.tigo.queue.listener.ProcessQueueRecycleMasterThread] listener.ProcessQueueRecycleMasterThread : QueueProcessorRecycleListener hn.com.tigo.queue.listener.ProcessQueueRecycleMasterThread No se encontro nada en la cola
java.lang.Exception: Connection timed out: connect
	at hn.com.tigo.queue.as400.AbstractDriverQueueRecycle.openQueue(AbstractDriverQueueRecycle.java:68) ~[classes/:?]
	at hn.com.tigo.queue.as400.AbstractDriverQueueRecycle.readQueue(AbstractDriverQueueRecycle.java:82) ~[classes/:?]
	at hn.com.tigo.queue.listener.ProcessQueueRecycleMasterThread.run(ProcessQueueRecycleMasterThread.java:130) [classes/:?]
	at hn.com.tigo.queue.test.ListenerTest.test(ListenerTest.java:41) [test-classes/:?]
	at sun.reflect.NativeMethodAccessorImpl.invoke0(Native Method) ~[?:1.8.0_202]
	at sun.reflect.NativeMethodAccessorImpl.invoke(NativeMethodAccessorImpl.java:62) ~[?:1.8.0_202]
	at sun.reflect.DelegatingMethodAccessorImpl.invoke(DelegatingMethodAccessorImpl.java:43) ~[?:1.8.0_202]
	at java.lang.reflect.Method.invoke(Method.java:498) ~[?:1.8.0_202]
	at org.junit.runners.model.FrameworkMethod$1.runReflectiveCall(FrameworkMethod.java:50) [junit-4.12.jar:4.12]
	at org.junit.internal.runners.model.ReflectiveCallable.run(ReflectiveCallable.java:12) [junit-4.12.jar:4.12]
	at org.junit.runners.model.FrameworkMethod.invokeExplosively(FrameworkMethod.java:47) [junit-4.12.jar:4.12]
	at org.junit.internal.runners.statements.InvokeMethod.evaluate(InvokeMethod.java:17) [junit-4.12.jar:4.12]
	at org.junit.runners.ParentRunner.runLeaf(ParentRunner.java:325) [junit-4.12.jar:4.12]
	at org.junit.runners.BlockJUnit4ClassRunner.runChild(BlockJUnit4ClassRunner.java:78) [junit-4.12.jar:4.12]
	at org.junit.runners.BlockJUnit4ClassRunner.runChild(BlockJUnit4ClassRunner.java:57) [junit-4.12.jar:4.12]
	at org.junit.runners.ParentRunner$3.run(ParentRunner.java:290) [junit-4.12.jar:4.12]
	at org.junit.runners.ParentRunner$1.schedule(ParentRunner.java:71) [junit-4.12.jar:4.12]
	at org.junit.runners.ParentRunner.runChildren(ParentRunner.java:288) [junit-4.12.jar:4.12]
	at org.junit.runners.ParentRunner.access$000(ParentRunner.java:58) [junit-4.12.jar:4.12]
	at org.junit.runners.ParentRunner$2.evaluate(ParentRunner.java:268) [junit-4.12.jar:4.12]
	at org.junit.runners.ParentRunner.run(ParentRunner.java:363) [junit-4.12.jar:4.12]
	at org.junit.runners.Suite.runChild(Suite.java:128) [junit-4.12.jar:4.12]
	at org.junit.runners.Suite.runChild(Suite.java:27) [junit-4.12.jar:4.12]
	at org.junit.runners.ParentRunner$3.run(ParentRunner.java:290) [junit-4.12.jar:4.12]
	at org.junit.runners.ParentRunner$1.schedule(ParentRunner.java:71) [junit-4.12.jar:4.12]
	at org.junit.runners.ParentRunner.runChildren(ParentRunner.java:288) [junit-4.12.jar:4.12]
	at org.junit.runners.ParentRunner.access$000(ParentRunner.java:58) [junit-4.12.jar:4.12]
	at org.junit.runners.ParentRunner$2.evaluate(ParentRunner.java:268) [junit-4.12.jar:4.12]
	at org.junit.runners.ParentRunner.run(ParentRunner.java:363) [junit-4.12.jar:4.12]
	at org.apache.maven.surefire.junit4.JUnit4Provider.execute(JUnit4Provider.java:264) [surefire-junit4-2.17.jar:2.17]
	at org.apache.maven.surefire.junit4.JUnit4Provider.executeTestSet(JUnit4Provider.java:153) [surefire-junit4-2.17.jar:2.17]
	at org.apache.maven.surefire.junit4.JUnit4Provider.invoke(JUnit4Provider.java:124) [surefire-junit4-2.17.jar:2.17]
	at org.apache.maven.surefire.booter.ForkedBooter.invokeProviderInSameClassLoader(ForkedBooter.java:200) [surefire-booter-2.17.jar:2.17]
	at org.apache.maven.surefire.booter.ForkedBooter.runSuitesInProcess(ForkedBooter.java:153) [surefire-booter-2.17.jar:2.17]
	at org.apache.maven.surefire.booter.ForkedBooter.main(ForkedBooter.java:103) [surefire-booter-2.17.jar:2.17]
[ERROR] 26-08-2022 10:37:52.395 [main hn.com.tigo.queue.listener.ProcessQueueRecycleMasterThread] listener.ProcessQueueRecycleMasterThread : QueueProcessorRecycleListener hn.com.tigo.queue.listener.ProcessQueueRecycleMasterThread No se encontro nada en la cola
java.lang.Exception: Connection timed out: connect
	at hn.com.tigo.queue.as400.AbstractDriverQueueRecycle.openQueue(AbstractDriverQueueRecycle.java:68) ~[classes/:?]
	at hn.com.tigo.queue.as400.AbstractDriverQueueRecycle.readQueue(AbstractDriverQueueRecycle.java:82) ~[classes/:?]
	at hn.com.tigo.queue.listener.ProcessQueueRecycleMasterThread.run(ProcessQueueRecycleMasterThread.java:130) [classes/:?]
	at hn.com.tigo.queue.test.ListenerTest.test(ListenerTest.java:41) [test-classes/:?]
	at sun.reflect.NativeMethodAccessorImpl.invoke0(Native Method) ~[?:1.8.0_202]
	at sun.reflect.NativeMethodAccessorImpl.invoke(NativeMethodAccessorImpl.java:62) ~[?:1.8.0_202]
	at sun.reflect.DelegatingMethodAccessorImpl.invoke(DelegatingMethodAccessorImpl.java:43) ~[?:1.8.0_202]
	at java.lang.reflect.Method.invoke(Method.java:498) ~[?:1.8.0_202]
	at org.junit.runners.model.FrameworkMethod$1.runReflectiveCall(FrameworkMethod.java:50) [junit-4.12.jar:4.12]
	at org.junit.internal.runners.model.ReflectiveCallable.run(ReflectiveCallable.java:12) [junit-4.12.jar:4.12]
	at org.junit.runners.model.FrameworkMethod.invokeExplosively(FrameworkMethod.java:47) [junit-4.12.jar:4.12]
	at org.junit.internal.runners.statements.InvokeMethod.evaluate(InvokeMethod.java:17) [junit-4.12.jar:4.12]
	at org.junit.runners.ParentRunner.runLeaf(ParentRunner.java:325) [junit-4.12.jar:4.12]
	at org.junit.runners.BlockJUnit4ClassRunner.runChild(BlockJUnit4ClassRunner.java:78) [junit-4.12.jar:4.12]
	at org.junit.runners.BlockJUnit4ClassRunner.runChild(BlockJUnit4ClassRunner.java:57) [junit-4.12.jar:4.12]
	at org.junit.runners.ParentRunner$3.run(ParentRunner.java:290) [junit-4.12.jar:4.12]
	at org.junit.runners.ParentRunner$1.schedule(ParentRunner.java:71) [junit-4.12.jar:4.12]
	at org.junit.runners.ParentRunner.runChildren(ParentRunner.java:288) [junit-4.12.jar:4.12]
	at org.junit.runners.ParentRunner.access$000(ParentRunner.java:58) [junit-4.12.jar:4.12]
	at org.junit.runners.ParentRunner$2.evaluate(ParentRunner.java:268) [junit-4.12.jar:4.12]
	at org.junit.runners.ParentRunner.run(ParentRunner.java:363) [junit-4.12.jar:4.12]
	at org.junit.runners.Suite.runChild(Suite.java:128) [junit-4.12.jar:4.12]
	at org.junit.runners.Suite.runChild(Suite.java:27) [junit-4.12.jar:4.12]
	at org.junit.runners.ParentRunner$3.run(ParentRunner.java:290) [junit-4.12.jar:4.12]
	at org.junit.runners.ParentRunner$1.schedule(ParentRunner.java:71) [junit-4.12.jar:4.12]
	at org.junit.runners.ParentRunner.runChildren(ParentRunner.java:288) [junit-4.12.jar:4.12]
	at org.junit.runners.ParentRunner.access$000(ParentRunner.java:58) [junit-4.12.jar:4.12]
	at org.junit.runners.ParentRunner$2.evaluate(ParentRunner.java:268) [junit-4.12.jar:4.12]
	at org.junit.runners.ParentRunner.run(ParentRunner.java:363) [junit-4.12.jar:4.12]
	at org.apache.maven.surefire.junit4.JUnit4Provider.execute(JUnit4Provider.java:264) [surefire-junit4-2.17.jar:2.17]
	at org.apache.maven.surefire.junit4.JUnit4Provider.executeTestSet(JUnit4Provider.java:153) [surefire-junit4-2.17.jar:2.17]
	at org.apache.maven.surefire.junit4.JUnit4Provider.invoke(JUnit4Provider.java:124) [surefire-junit4-2.17.jar:2.17]
	at org.apache.maven.surefire.booter.ForkedBooter.invokeProviderInSameClassLoader(ForkedBooter.java:200) [surefire-booter-2.17.jar:2.17]
	at org.apache.maven.surefire.booter.ForkedBooter.runSuitesInProcess(ForkedBooter.java:153) [surefire-booter-2.17.jar:2.17]
	at org.apache.maven.surefire.booter.ForkedBooter.main(ForkedBooter.java:103) [surefire-booter-2.17.jar:2.17]
[ERROR] 26-08-2022 10:38:13.406 [main hn.com.tigo.queue.listener.ProcessQueueRecycleMasterThread] listener.ProcessQueueRecycleMasterThread : QueueProcessorRecycleListener hn.com.tigo.queue.listener.ProcessQueueRecycleMasterThread No se encontro nada en la cola
java.lang.Exception: Connection timed out: connect
	at hn.com.tigo.queue.as400.AbstractDriverQueueRecycle.openQueue(AbstractDriverQueueRecycle.java:68) ~[classes/:?]
	at hn.com.tigo.queue.as400.AbstractDriverQueueRecycle.readQueue(AbstractDriverQueueRecycle.java:82) ~[classes/:?]
	at hn.com.tigo.queue.listener.ProcessQueueRecycleMasterThread.run(ProcessQueueRecycleMasterThread.java:130) [classes/:?]
	at hn.com.tigo.queue.test.ListenerTest.test(ListenerTest.java:41) [test-classes/:?]
	at sun.reflect.NativeMethodAccessorImpl.invoke0(Native Method) ~[?:1.8.0_202]
	at sun.reflect.NativeMethodAccessorImpl.invoke(NativeMethodAccessorImpl.java:62) ~[?:1.8.0_202]
	at sun.reflect.DelegatingMethodAccessorImpl.invoke(DelegatingMethodAccessorImpl.java:43) ~[?:1.8.0_202]
	at java.lang.reflect.Method.invoke(Method.java:498) ~[?:1.8.0_202]
	at org.junit.runners.model.FrameworkMethod$1.runReflectiveCall(FrameworkMethod.java:50) [junit-4.12.jar:4.12]
	at org.junit.internal.runners.model.ReflectiveCallable.run(ReflectiveCallable.java:12) [junit-4.12.jar:4.12]
	at org.junit.runners.model.FrameworkMethod.invokeExplosively(FrameworkMethod.java:47) [junit-4.12.jar:4.12]
	at org.junit.internal.runners.statements.InvokeMethod.evaluate(InvokeMethod.java:17) [junit-4.12.jar:4.12]
	at org.junit.runners.ParentRunner.runLeaf(ParentRunner.java:325) [junit-4.12.jar:4.12]
	at org.junit.runners.BlockJUnit4ClassRunner.runChild(BlockJUnit4ClassRunner.java:78) [junit-4.12.jar:4.12]
	at org.junit.runners.BlockJUnit4ClassRunner.runChild(BlockJUnit4ClassRunner.java:57) [junit-4.12.jar:4.12]
	at org.junit.runners.ParentRunner$3.run(ParentRunner.java:290) [junit-4.12.jar:4.12]
	at org.junit.runners.ParentRunner$1.schedule(ParentRunner.java:71) [junit-4.12.jar:4.12]
	at org.junit.runners.ParentRunner.runChildren(ParentRunner.java:288) [junit-4.12.jar:4.12]
	at org.junit.runners.ParentRunner.access$000(ParentRunner.java:58) [junit-4.12.jar:4.12]
	at org.junit.runners.ParentRunner$2.evaluate(ParentRunner.java:268) [junit-4.12.jar:4.12]
	at org.junit.runners.ParentRunner.run(ParentRunner.java:363) [junit-4.12.jar:4.12]
	at org.junit.runners.Suite.runChild(Suite.java:128) [junit-4.12.jar:4.12]
	at org.junit.runners.Suite.runChild(Suite.java:27) [junit-4.12.jar:4.12]
	at org.junit.runners.ParentRunner$3.run(ParentRunner.java:290) [junit-4.12.jar:4.12]
	at org.junit.runners.ParentRunner$1.schedule(ParentRunner.java:71) [junit-4.12.jar:4.12]
	at org.junit.runners.ParentRunner.runChildren(ParentRunner.java:288) [junit-4.12.jar:4.12]
	at org.junit.runners.ParentRunner.access$000(ParentRunner.java:58) [junit-4.12.jar:4.12]
	at org.junit.runners.ParentRunner$2.evaluate(ParentRunner.java:268) [junit-4.12.jar:4.12]
	at org.junit.runners.ParentRunner.run(ParentRunner.java:363) [junit-4.12.jar:4.12]
	at org.apache.maven.surefire.junit4.JUnit4Provider.execute(JUnit4Provider.java:264) [surefire-junit4-2.17.jar:2.17]
	at org.apache.maven.surefire.junit4.JUnit4Provider.executeTestSet(JUnit4Provider.java:153) [surefire-junit4-2.17.jar:2.17]
	at org.apache.maven.surefire.junit4.JUnit4Provider.invoke(JUnit4Provider.java:124) [surefire-junit4-2.17.jar:2.17]
	at org.apache.maven.surefire.booter.ForkedBooter.invokeProviderInSameClassLoader(ForkedBooter.java:200) [surefire-booter-2.17.jar:2.17]
	at org.apache.maven.surefire.booter.ForkedBooter.runSuitesInProcess(ForkedBooter.java:153) [surefire-booter-2.17.jar:2.17]
	at org.apache.maven.surefire.booter.ForkedBooter.main(ForkedBooter.java:103) [surefire-booter-2.17.jar:2.17]
